# JRE version: OpenJDK Runtime Environment (8.0_152-b01) (build 1.8.0_152-release-915-b01)
# Java VM: OpenJDK 64-Bit Server VM (25.152-b01 mixed mode windows-amd64 compressed oops)
Heap:
 PSYoungGen      total 319488K, used 198654K [0x00000000eab00000, 0x00000000ffe80000, 0x0000000100000000)
  eden space 292864K, 63% used [0x00000000eab00000,0x00000000f60ab858,0x00000000fc900000)
  from space 26624K, 47% used [0x00000000fc900000,0x00000000fd5540d0,0x00000000fe300000)
  to   space 25600K, 0% used [0x00000000fe580000,0x00000000fe580000,0x00000000ffe80000)
 ParOldGen       total 175104K, used 125670K [0x00000000c0000000, 0x00000000cab00000, 0x00000000eab00000)
  object space 175104K, 71% used [0x00000000c0000000,0x00000000c7ab9b18,0x00000000cab00000)
 Metaspace       used 93959K, capacity 101708K, committed 101848K, reserved 1136640K
  class space    used 12163K, capacity 14022K, committed 14080K, reserved 1048576K
GC Heap History (10 events):
Event: 1113.221 GC heap before
{Heap before GC invocations=49 (full 4):
 PSYoungGen      total 315904K, used 296254K [0x00000000eab00000, 0x00000000ffe00000, 0x0000000100000000)
  eden space 286720K, 99% used [0x00000000eab00000,0x00000000fc22fa70,0x00000000fc300000)
  from space 29184K, 35% used [0x00000000fe180000,0x00000000feba0040,0x00000000ffe00000)
  to   space 30208K, 0% used [0x00000000fc300000,0x00000000fc300000,0x00000000fe080000)
 ParOldGen       total 175104K, used 121331K [0x00000000c0000000, 0x00000000cab00000, 0x00000000eab00000)
  object space 175104K, 69% used [0x00000000c0000000,0x00000000c767ccc8,0x00000000cab00000)
 Metaspace       used 87782K, capacity 93032K, committed 93272K, reserved 1130496K
  class space    used 11142K, capacity 12343K, committed 12416K, reserved 1048576K
Event: 1113.229 GC heap after
Heap after GC invocations=49 (full 4):
 PSYoungGen      total 316928K, used 15226K [0x00000000eab00000, 0x00000000fff00000, 0x0000000100000000)
  eden space 286720K, 0% used [0x00000000eab00000,0x00000000eab00000,0x00000000fc300000)
  from space 30208K, 50% used [0x00000000fc300000,0x00000000fd1debb0,0x00000000fe080000)
  to   space 29184K, 0% used [0x00000000fe280000,0x00000000fe280000,0x00000000fff00000)
 ParOldGen       total 175104K, used 121339K [0x00000000c0000000, 0x00000000cab00000, 0x00000000eab00000)
  object space 175104K, 69% used [0x00000000c0000000,0x00000000c767ecc8,0x00000000cab00000)
 Metaspace       used 87782K, capacity 93032K, committed 93272K, reserved 1130496K
  class space    used 11142K, capacity 12343K, committed 12416K, reserved 1048576K
}
Event: 1113.359 GC heap before
{Heap before GC invocations=50 (full 4):
 PSYoungGen      total 316928K, used 301946K [0x00000000eab00000, 0x00000000fff00000, 0x0000000100000000)
  eden space 286720K, 100% used [0x00000000eab00000,0x00000000fc300000,0x00000000fc300000)
  from space 30208K, 50% used [0x00000000fc300000,0x00000000fd1debb0,0x00000000fe080000)
  to   space 29184K, 0% used [0x00000000fe280000,0x00000000fe280000,0x00000000fff00000)
 ParOldGen       total 175104K, used 121339K [0x00000000c0000000, 0x00000000cab00000, 0x00000000eab00000)
  object space 175104K, 69% used [0x00000000c0000000,0x00000000c767ecc8,0x00000000cab00000)
 Metaspace       used 88144K, capacity 93328K, committed 93528K, reserved 1130496K
  class space    used 11205K, capacity 12375K, committed 12416K, reserved 1048576K
Event: 1113.365 GC heap after
Heap after GC invocations=50 (full 4):
 PSYoungGen      total 317952K, used 9224K [0x00000000eab00000, 0x00000000ffe00000, 0x0000000100000000)
  eden space 289792K, 0% used [0x00000000eab00000,0x00000000eab00000,0x00000000fc600000)
  from space 28160K, 32% used [0x00000000fe280000,0x00000000feb82058,0x00000000ffe00000)
  to   space 28672K, 0% used [0x00000000fc600000,0x00000000fc600000,0x00000000fe200000)
 ParOldGen       total 175104K, used 121347K [0x00000000c0000000, 0x00000000cab00000, 0x00000000eab00000)
  object space 175104K, 69% used [0x00000000c0000000,0x00000000c7680cc8,0x00000000cab00000)
 Metaspace       used 88144K, capacity 93328K, committed 93528K, reserved 1130496K
  class space    used 11205K, capacity 12375K, committed 12416K, reserved 1048576K
}
Event: 1226.604 GC heap before
{Heap before GC invocations=51 (full 4):
 PSYoungGen      total 317952K, used 299016K [0x00000000eab00000, 0x00000000ffe00000, 0x0000000100000000)
  eden space 289792K, 100% used [0x00000000eab00000,0x00000000fc600000,0x00000000fc600000)
  from space 28160K, 32% used [0x00000000fe280000,0x00000000feb82058,0x00000000ffe00000)
  to   space 28672K, 0% used [0x00000000fc600000,0x00000000fc600000,0x00000000fe200000)
 ParOldGen       total 175104K, used 121347K [0x00000000c0000000, 0x00000000cab00000, 0x00000000eab00000)
  object space 175104K, 69% used [0x00000000c0000000,0x00000000c7680cc8,0x00000000cab00000)
 Metaspace       used 89526K, capacity 95330K, committed 95448K, reserved 1132544K
  class space    used 11425K, capacity 12762K, committed 12800K, reserved 1048576K
Event: 1226.615 GC heap after
Heap after GC invocations=51 (full 4):
 PSYoungGen      total 318464K, used 9776K [0x00000000eab00000, 0x00000000ffe80000, 0x0000000100000000)
  eden space 289792K, 0% used [0x00000000eab00000,0x00000000eab00000,0x00000000fc600000)
  from space 28672K, 34% used [0x00000000fc600000,0x00000000fcf8c0b0,0x00000000fe200000)
  to   space 27648K, 0% used [0x00000000fe380000,0x00000000fe380000,0x00000000ffe80000)
 ParOldGen       total 175104K, used 125654K [0x00000000c0000000, 0x00000000cab00000, 0x00000000eab00000)
  object space 175104K, 71% used [0x00000000c0000000,0x00000000c7ab5b18,0x00000000cab00000)
 Metaspace       used 89526K, capacity 95330K, committed 95448K, reserved 1132544K
  class space    used 11425K, capacity 12762K, committed 12800K, reserved 1048576K
}
Event: 1307.068 GC heap before
{Heap before GC invocations=52 (full 4):
 PSYoungGen      total 318464K, used 299568K [0x00000000eab00000, 0x00000000ffe80000, 0x0000000100000000)
  eden space 289792K, 100% used [0x00000000eab00000,0x00000000fc600000,0x00000000fc600000)
  from space 28672K, 34% used [0x00000000fc600000,0x00000000fcf8c0b0,0x00000000fe200000)
  to   space 27648K, 0% used [0x00000000fe380000,0x00000000fe380000,0x00000000ffe80000)
 ParOldGen       total 175104K, used 125654K [0x00000000c0000000, 0x00000000cab00000, 0x00000000eab00000)
  object space 175104K, 71% used [0x00000000c0000000,0x00000000c7ab5b18,0x00000000cab00000)
 Metaspace       used 92228K, capacity 99042K, committed 99288K, reserved 1134592K
  class space    used 11879K, capacity 13477K, committed 13568K, reserved 1048576K
Event: 1307.078 GC heap after
Heap after GC invocations=52 (full 4):
 PSYoungGen      total 318976K, used 14091K [0x00000000eab00000, 0x00000000ffd00000, 0x0000000100000000)
  eden space 292864K, 0% used [0x00000000eab00000,0x00000000eab00000,0x00000000fc900000)
  from space 26112K, 53% used [0x00000000fe380000,0x00000000ff142d58,0x00000000ffd00000)
  to   space 26624K, 0% used [0x00000000fc900000,0x00000000fc900000,0x00000000fe300000)
 ParOldGen       total 175104K, used 125662K [0x00000000c0000000, 0x00000000cab00000, 0x00000000eab00000)
  object space 175104K, 71% used [0x00000000c0000000,0x00000000c7ab7b18,0x00000000cab00000)
 Metaspace       used 92228K, capacity 99042K, committed 99288K, reserved 1134592K
  class space    used 11879K, capacity 13477K, committed 13568K, reserved 1048576K
}
Event: 2261.579 GC heap before
{Heap before GC invocations=53 (full 4):
 PSYoungGen      total 318976K, used 306955K [0x00000000eab00000, 0x00000000ffd00000, 0x0000000100000000)
  eden space 292864K, 100% used [0x00000000eab00000,0x00000000fc900000,0x00000000fc900000)
  from space 26112K, 53% used [0x00000000fe380000,0x00000000ff142d58,0x00000000ffd00000)
  to   space 26624K, 0% used [0x00000000fc900000,0x00000000fc900000,0x00000000fe300000)
 ParOldGen       total 175104K, used 125662K [0x00000000c0000000, 0x00000000cab00000, 0x00000000eab00000)
  object space 175104K, 71% used [0x00000000c0000000,0x00000000c7ab7b18,0x00000000cab00000)
 Metaspace       used 93077K, capacity 100466K, committed 100568K, reserved 1136640K
  class space    used 12009K, capacity 13773K, committed 13824K, reserved 1048576K
Event: 2261.590 GC heap after
Heap after GC invocations=53 (full 4):
 PSYoungGen      total 319488K, used 12624K [0x00000000eab00000, 0x00000000ffe80000, 0x0000000100000000)
  eden space 292864K, 0% used [0x00000000eab00000,0x00000000eab00000,0x00000000fc900000)
  from space 26624K, 47% used [0x00000000fc900000,0x00000000fd5540d0,0x00000000fe300000)
  to   space 25600K, 0% used [0x00000000fe580000,0x00000000fe580000,0x00000000ffe80000)
 ParOldGen       total 175104K, used 125670K [0x00000000c0000000, 0x00000000cab00000, 0x00000000eab00000)
  object space 175104K, 71% used [0x00000000c0000000,0x00000000c7ab9b18,0x00000000cab00000)
 Metaspace       used 93077K, capacity 100466K, committed 100568K, reserved 1136640K
  class space    used 12009K, capacity 13773K, committed 13824K, reserved 1048576K
}

