# JRE version: OpenJDK Runtime Environment (8.0_152-b01) (build 1.8.0_152-release-915-b01)
# Java VM: OpenJDK 64-Bit Server VM (25.152-b01 mixed mode windows-amd64 compressed oops)
Heap:
 PSYoungGen      total 210944K, used 133981K [0x00000000e0000000, 0x00000000f0880000, 0x0000000100000000)
  eden space 153088K, 80% used [0x00000000e0000000,0x00000000e7814070,0x00000000e9580000)
  from space 57856K, 19% used [0x00000000ed000000,0x00000000edac36f8,0x00000000f0880000)
  to   space 58880K, 0% used [0x00000000e9580000,0x00000000e9580000,0x00000000ecf00000)
 ParOldGen       total 245248K, used 76821K [0x00000000a0000000, 0x00000000aef80000, 0x00000000e0000000)
  object space 245248K, 31% used [0x00000000a0000000,0x00000000a4b056c0,0x00000000aef80000)
 Metaspace       used 91545K, capacity 100432K, committed 100684K, reserved 1136640K
  class space    used 12055K, capacity 14130K, committed 14208K, reserved 1048576K
GC Heap History (10 events):
Event: 9557.899 GC heap before
{Heap before GC invocations=38 (full 3):
 PSYoungGen      total 210432K, used 198504K [0x00000000e0000000, 0x00000000f0500000, 0x0000000100000000)
  eden space 158720K, 100% used [0x00000000e0000000,0x00000000e9b00000,0x00000000e9b00000)
  from space 51712K, 76% used [0x00000000ed280000,0x00000000ef95a190,0x00000000f0500000)
  to   space 54272K, 0% used [0x00000000e9b00000,0x00000000e9b00000,0x00000000ed000000)
 ParOldGen       total 154624K, used 79294K [0x00000000a0000000, 0x00000000a9700000, 0x00000000e0000000)
  object space 154624K, 51% used [0x00000000a0000000,0x00000000a4d6f920,0x00000000a9700000)
 Metaspace       used 89601K, capacity 97358K, committed 97496K, reserved 1132544K
  class space    used 11708K, capacity 13547K, committed 13568K, reserved 1048576K
Event: 9557.918 GC heap after
Heap after GC invocations=38 (full 3):
 PSYoungGen      total 195584K, used 41332K [0x00000000e0000000, 0x00000000f0480000, 0x0000000100000000)
  eden space 154112K, 0% used [0x00000000e0000000,0x00000000e0000000,0x00000000e9680000)
  from space 41472K, 99% used [0x00000000e9b00000,0x00000000ec35d100,0x00000000ec380000)
  to   space 56320K, 0% used [0x00000000ecd80000,0x00000000ecd80000,0x00000000f0480000)
 ParOldGen       total 154624K, used 80443K [0x00000000a0000000, 0x00000000a9700000, 0x00000000e0000000)
  object space 154624K, 52% used [0x00000000a0000000,0x00000000a4e8ee68,0x00000000a9700000)
 Metaspace       used 89601K, capacity 97358K, committed 97496K, reserved 1132544K
  class space    used 11708K, capacity 13547K, committed 13568K, reserved 1048576K
}
Event: 9638.824 GC heap before
{Heap before GC invocations=39 (full 3):
 PSYoungGen      total 195584K, used 122408K [0x00000000e0000000, 0x00000000f0480000, 0x0000000100000000)
  eden space 154112K, 52% used [0x00000000e0000000,0x00000000e4f2d2f8,0x00000000e9680000)
  from space 41472K, 99% used [0x00000000e9b00000,0x00000000ec35d100,0x00000000ec380000)
  to   space 56320K, 0% used [0x00000000ecd80000,0x00000000ecd80000,0x00000000f0480000)
 ParOldGen       total 154624K, used 80443K [0x00000000a0000000, 0x00000000a9700000, 0x00000000e0000000)
  object space 154624K, 52% used [0x00000000a0000000,0x00000000a4e8ee68,0x00000000a9700000)
 Metaspace       used 90197K, capacity 98142K, committed 98380K, reserved 1134592K
  class space    used 11794K, capacity 13668K, committed 13696K, reserved 1048576K
Event: 9638.845 GC heap after
Heap after GC invocations=39 (full 3):
 PSYoungGen      total 204288K, used 40461K [0x00000000e0000000, 0x00000000f0300000, 0x0000000100000000)
  eden space 149504K, 0% used [0x00000000e0000000,0x00000000e0000000,0x00000000e9200000)
  from space 54784K, 73% used [0x00000000ecd80000,0x00000000ef5036f8,0x00000000f0300000)
  to   space 57856K, 0% used [0x00000000e9200000,0x00000000e9200000,0x00000000eca80000)
 ParOldGen       total 154624K, used 82955K [0x00000000a0000000, 0x00000000a9700000, 0x00000000e0000000)
  object space 154624K, 53% used [0x00000000a0000000,0x00000000a5102e98,0x00000000a9700000)
 Metaspace       used 90197K, capacity 98142K, committed 98380K, reserved 1134592K
  class space    used 11794K, capacity 13668K, committed 13696K, reserved 1048576K
}
Event: 9638.845 GC heap before
{Heap before GC invocations=40 (full 4):
 PSYoungGen      total 204288K, used 40461K [0x00000000e0000000, 0x00000000f0300000, 0x0000000100000000)
  eden space 149504K, 0% used [0x00000000e0000000,0x00000000e0000000,0x00000000e9200000)
  from space 54784K, 73% used [0x00000000ecd80000,0x00000000ef5036f8,0x00000000f0300000)
  to   space 57856K, 0% used [0x00000000e9200000,0x00000000e9200000,0x00000000eca80000)
 ParOldGen       total 154624K, used 82955K [0x00000000a0000000, 0x00000000a9700000, 0x00000000e0000000)
  object space 154624K, 53% used [0x00000000a0000000,0x00000000a5102e98,0x00000000a9700000)
 Metaspace       used 90197K, capacity 98142K, committed 98380K, reserved 1134592K
  class space    used 11794K, capacity 13668K, committed 13696K, reserved 1048576K
Event: 9639.129 GC heap after
Heap after GC invocations=40 (full 4):
 PSYoungGen      total 204288K, used 0K [0x00000000e0000000, 0x00000000f0300000, 0x0000000100000000)
  eden space 149504K, 0% used [0x00000000e0000000,0x00000000e0000000,0x00000000e9200000)
  from space 54784K, 0% used [0x00000000ecd80000,0x00000000ecd80000,0x00000000f0300000)
  to   space 57856K, 0% used [0x00000000e9200000,0x00000000e9200000,0x00000000eca80000)
 ParOldGen       total 245248K, used 76805K [0x00000000a0000000, 0x00000000aef80000, 0x00000000e0000000)
  object space 245248K, 31% used [0x00000000a0000000,0x00000000a4b016c0,0x00000000aef80000)
 Metaspace       used 88551K, capacity 95674K, committed 98380K, reserved 1134592K
  class space    used 11497K, capacity 13197K, committed 13696K, reserved 1048576K
}
Event: 9650.323 GC heap before
{Heap before GC invocations=41 (full 4):
 PSYoungGen      total 204288K, used 149504K [0x00000000e0000000, 0x00000000f0300000, 0x0000000100000000)
  eden space 149504K, 100% used [0x00000000e0000000,0x00000000e9200000,0x00000000e9200000)
  from space 54784K, 0% used [0x00000000ecd80000,0x00000000ecd80000,0x00000000f0300000)
  to   space 57856K, 0% used [0x00000000e9200000,0x00000000e9200000,0x00000000eca80000)
 ParOldGen       total 245248K, used 76805K [0x00000000a0000000, 0x00000000aef80000, 0x00000000e0000000)
  object space 245248K, 31% used [0x00000000a0000000,0x00000000a4b016c0,0x00000000aef80000)
 Metaspace       used 90304K, capacity 98502K, committed 99148K, reserved 1134592K
  class space    used 11838K, capacity 13765K, committed 13952K, reserved 1048576K
Event: 9650.349 GC heap after
Heap after GC invocations=41 (full 4):
 PSYoungGen      total 207360K, used 7869K [0x00000000e0000000, 0x00000000f0980000, 0x0000000100000000)
  eden space 149504K, 0% used [0x00000000e0000000,0x00000000e0000000,0x00000000e9200000)
  from space 57856K, 13% used [0x00000000e9200000,0x00000000e99af6f0,0x00000000eca80000)
  to   space 58880K, 0% used [0x00000000ed000000,0x00000000ed000000,0x00000000f0980000)
 ParOldGen       total 245248K, used 76813K [0x00000000a0000000, 0x00000000aef80000, 0x00000000e0000000)
  object space 245248K, 31% used [0x00000000a0000000,0x00000000a4b036c0,0x00000000aef80000)
 Metaspace       used 90304K, capacity 98502K, committed 99148K, reserved 1134592K
  class space    used 11838K, capacity 13765K, committed 13952K, reserved 1048576K
}
Event: 10621.300 GC heap before
{Heap before GC invocations=42 (full 4):
 PSYoungGen      total 207360K, used 157373K [0x00000000e0000000, 0x00000000f0980000, 0x0000000100000000)
  eden space 149504K, 100% used [0x00000000e0000000,0x00000000e9200000,0x00000000e9200000)
  from space 57856K, 13% used [0x00000000e9200000,0x00000000e99af6f0,0x00000000eca80000)
  to   space 58880K, 0% used [0x00000000ed000000,0x00000000ed000000,0x00000000f0980000)
 ParOldGen       total 245248K, used 76813K [0x00000000a0000000, 0x00000000aef80000, 0x00000000e0000000)
  object space 245248K, 31% used [0x00000000a0000000,0x00000000a4b036c0,0x00000000aef80000)
 Metaspace       used 90820K, capacity 99444K, committed 99660K, reserved 1134592K
  class space    used 11922K, capacity 13940K, committed 13952K, reserved 1048576K
Event: 10621.311 GC heap after
Heap after GC invocations=42 (full 4):
 PSYoungGen      total 210944K, used 11021K [0x00000000e0000000, 0x00000000f0880000, 0x0000000100000000)
  eden space 153088K, 0% used [0x00000000e0000000,0x00000000e0000000,0x00000000e9580000)
  from space 57856K, 19% used [0x00000000ed000000,0x00000000edac36f8,0x00000000f0880000)
  to   space 58880K, 0% used [0x00000000e9580000,0x00000000e9580000,0x00000000ecf00000)
 ParOldGen       total 245248K, used 76821K [0x00000000a0000000, 0x00000000aef80000, 0x00000000e0000000)
  object space 245248K, 31% used [0x00000000a0000000,0x00000000a4b056c0,0x00000000aef80000)
 Metaspace       used 90820K, capacity 99444K, committed 99660K, reserved 1134592K
  class space    used 11922K, capacity 13940K, committed 13952K, reserved 1048576K
}

